<?xml version="1.0" encoding="UTF-8"?>
<!-- Generated by org.testng.reporters.JUnitReportReporter -->
<testsuite hostname="DESKTOP-ATKLMDH" failures="0" tests="1" name="TestLayer.LoginTest" time="5.092" errors="0" timestamp="2024-07-11T18:13:18 IST" skipped="0">
  <testcase classname="TestLayer.LoginTest" name="validateLoginFunctionality" time="5.092"/>
  <system-out/>
</testsuite> <!-- TestLayer.LoginTest -->
